<?xml version="1.0" encoding="UTF-8"?>
<!-- Generated by org.testng.reporters.JUnitReportReporter -->
<testsuite skipped="0" hostname="DESKTOP-1EKQBD8" name="pk5GooglePlaceApi.copy.Pr2GooglePlaceAPIXML" tests="1" failures="0" timestamp="13 Jan 2020 21:17:31 GMT" time="4.234" errors="0">
  <testcase name="googlePlaces" time="4.234" classname="pk5GooglePlaceApi.copy.Pr2GooglePlaceAPIXML"/>
</testsuite> <!-- pk5GooglePlaceApi.copy.Pr2GooglePlaceAPIXML -->
