<?xml version="1.0" encoding="UTF-8"?>
<!-- Generated by org.testng.reporters.JUnitReportReporter -->
<testsuite skipped="0" hostname="DESKTOP-1EKQBD8" name="pk2StudentsApp.Pr1GetAllStudentsOptions" tests="1" failures="0" timestamp="11 Jan 2020 18:59:03 GMT" time="2.382" errors="0">
  <testcase name="getAllStudents" time="2.382" classname="pk2StudentsApp.Pr1GetAllStudentsOptions"/>
</testsuite> <!-- pk2StudentsApp.Pr1GetAllStudentsOptions -->
