<?xml version="1.0" encoding="UTF-8"?>
<!-- Generated by org.testng.reporters.JUnitReportReporter -->
<testsuite skipped="0" hostname="DESKTOP-1EKQBD8" name="pk7RequestLogging.Pr1RequestLogging" tests="1" failures="0" timestamp="14 Jan 2020 16:01:22 GMT" time="3.319" errors="0">
  <testcase name="getAllStudents" time="3.319" classname="pk7RequestLogging.Pr1RequestLogging"/>
</testsuite> <!-- pk7RequestLogging.Pr1RequestLogging -->
