<?xml version="1.0" encoding="UTF-8"?>
<!-- Generated by org.testng.reporters.JUnitReportReporter -->
<testsuite skipped="0" hostname="DESKTOP-1EKQBD8" name="pk6PrintAllBookNames.PrintAllBookNamesClass" tests="1" failures="0" timestamp="13 Jan 2020 21:39:28 GMT" time="4.998" errors="0">
  <testcase name="printAllBookNames" time="4.998" classname="pk6PrintAllBookNames.PrintAllBookNamesClass"/>
</testsuite> <!-- pk6PrintAllBookNames.PrintAllBookNamesClass -->
