<?xml version="1.0" encoding="UTF-8"?>
<!-- Generated by org.testng.reporters.JUnitReportReporter -->
<testsuite skipped="0" hostname="DESKTOP-1EKQBD8" name="pk3GooglePlaceApi.Pr2GooglePlaceAPIJSON" tests="1" failures="0" timestamp="13 Jan 2020 20:56:38 GMT" time="5.112" errors="0">
  <testcase name="googlePlaces" time="5.112" classname="pk3GooglePlaceApi.Pr2GooglePlaceAPIJSON"/>
</testsuite> <!-- pk3GooglePlaceApi.Pr2GooglePlaceAPIJSON -->
