<?xml version="1.0" encoding="UTF-8"?>
<!-- Generated by org.testng.reporters.JUnitReportReporter -->
<testsuite skipped="0" hostname="DESKTOP-1EKQBD8" name="pk4StudentsApp.Pr4AddNewStudent" tests="1" failures="0" timestamp="12 Jan 2020 20:33:49 GMT" time="3.406" errors="0">
  <testcase name="addNewStudent" time="3.406" classname="pk4StudentsApp.Pr4AddNewStudent"/>
</testsuite> <!-- pk4StudentsApp.Pr4AddNewStudent -->
