<?xml version="1.0" encoding="UTF-8"?>
<!-- Generated by org.testng.reporters.JUnitReportReporter -->
<testsuite skipped="0" hostname="DESKTOP-1EKQBD8" name="pk10PojoClasses.Pr2GetSpecificStudent" tests="1" failures="0" timestamp="14 Jan 2020 20:27:33 GMT" time="3.490" errors="0">
  <testcase name="getAllStudents" time="3.490" classname="pk10PojoClasses.Pr2GetSpecificStudent"/>
</testsuite> <!-- pk10PojoClasses.Pr2GetSpecificStudent -->
