<?xml version="1.0" encoding="UTF-8"?>
<!-- Generated by org.testng.reporters.JUnitReportReporter -->
<testsuite skipped="0" hostname="DESKTOP-1EKQBD8" name="pk2StudentsApp.Pr5ExtractingResponse" tests="1" failures="0" timestamp="09 Jan 2020 20:19:15 GMT" time="3.784" errors="0">
  <testcase name="extractAllStudents" time="3.784" classname="pk2StudentsApp.Pr5ExtractingResponse"/>
</testsuite> <!-- pk2StudentsApp.Pr5ExtractingResponse -->
