<?xml version="1.0" encoding="UTF-8"?>
<!-- Generated by org.testng.reporters.JUnitReportReporter -->
<testsuite skipped="0" hostname="DESKTOP-1EKQBD8" name="pk3GooglePlaceApi.Pr2GooglePlaceAPIXML" tests="1" failures="0" timestamp="13 Jan 2020 20:59:11 GMT" time="4.197" errors="0">
  <testcase name="googlePlaces" time="4.197" classname="pk3GooglePlaceApi.Pr2GooglePlaceAPIXML"/>
</testsuite> <!-- pk3GooglePlaceApi.Pr2GooglePlaceAPIXML -->
