<?xml version="1.0" encoding="UTF-8"?>
<!-- Generated by org.testng.reporters.JUnitReportReporter -->
<testsuite skipped="0" hostname="DESKTOP-1EKQBD8" name="pk2StudentsApp.Pr4UpdateStudentUsingPatch" tests="1" failures="0" timestamp="11 Jan 2020 16:16:57 GMT" time="4.299" errors="0">
  <testcase name="UpdateStudentUsingPut" time="4.299" classname="pk2StudentsApp.Pr4UpdateStudentUsingPatch"/>
</testsuite> <!-- pk2StudentsApp.Pr4UpdateStudentUsingPatch -->
