<?xml version="1.0" encoding="UTF-8"?>
<!-- Generated by org.testng.reporters.JUnitReportReporter -->
<testsuite skipped="0" hostname="DESKTOP-1EKQBD8" name="pk4StudentsApp.Pr1GetAllStudents" tests="1" failures="0" timestamp="12 Jan 2020 20:24:16 GMT" time="4.594" errors="0">
  <testcase name="getAllStudents" time="4.594" classname="pk4StudentsApp.Pr1GetAllStudents"/>
</testsuite> <!-- pk4StudentsApp.Pr1GetAllStudents -->
