<?xml version="1.0" encoding="UTF-8"?>
<!-- Generated by org.testng.reporters.JUnitReportReporter -->
<testsuite skipped="0" hostname="DESKTOP-1EKQBD8" name="pk3GooglePlaceApi.Pr2GooglePlaceAPIXML" tests="1" failures="0" timestamp="12 Jan 2020 21:14:25 GMT" time="3.748" errors="0">
  <testcase name="googlePlaces" time="3.748" classname="pk3GooglePlaceApi.Pr2GooglePlaceAPIXML"/>
</testsuite> <!-- pk3GooglePlaceApi.Pr2GooglePlaceAPIXML -->
