<?xml version="1.0" encoding="UTF-8"?>
<!-- Generated by org.testng.reporters.JUnitReportReporter -->
<testsuite skipped="0" hostname="DESKTOP-1EKQBD8" name="pk2StudentsApp.Pr1GetAllStudents" tests="1" failures="0" timestamp="09 Jan 2020 14:58:40 GMT" time="3.862" errors="0">
  <testcase name="getAllStudents" time="3.862" classname="pk2StudentsApp.Pr1GetAllStudents"/>
</testsuite> <!-- pk2StudentsApp.Pr1GetAllStudents -->
