<?xml version="1.0" encoding="UTF-8"?>
<!-- Generated by org.testng.reporters.JUnitReportReporter -->
<testsuite skipped="0" hostname="DESKTOP-1EKQBD8" name="pk2StudentsApp.Pr2GetStudentsWithProgrammeAndLimit" tests="1" failures="0" timestamp="08 Jan 2020 19:50:30 GMT" time="3.222" errors="0">
  <testcase name="getAllStudents" time="3.222" classname="pk2StudentsApp.Pr2GetStudentsWithProgrammeAndLimit"/>
</testsuite> <!-- pk2StudentsApp.Pr2GetStudentsWithProgrammeAndLimit -->
