<?xml version="1.0" encoding="UTF-8"?>
<!-- Generated by org.testng.reporters.JUnitReportReporter -->
<testsuite skipped="0" hostname="DESKTOP-1EKQBD8" name="pk2StudentsApp.Pr7AddNewStudentAndDeleteTheStudentJson" tests="1" failures="0" timestamp="10 Jan 2020 20:52:48 GMT" time="3.411" errors="0">
  <testcase name="addNewStudentAndDeleteStudent" time="3.411" classname="pk2StudentsApp.Pr7AddNewStudentAndDeleteTheStudentJson"/>
</testsuite> <!-- pk2StudentsApp.Pr7AddNewStudentAndDeleteTheStudentJson -->
