<?xml version="1.0" encoding="UTF-8"?>
<!-- Generated by org.testng.reporters.JUnitReportReporter -->
<testsuite skipped="0" hostname="DESKTOP-1EKQBD8" name="pk2StudentsApp.Pr1GetStudentsWithProgramme" tests="1" failures="0" timestamp="08 Jan 2020 19:48:34 GMT" time="3.192" errors="0">
  <testcase name="getAllStudents" time="3.192" classname="pk2StudentsApp.Pr1GetStudentsWithProgramme"/>
</testsuite> <!-- pk2StudentsApp.Pr1GetStudentsWithProgramme -->
