<?xml version="1.0" encoding="UTF-8"?>
<!-- Generated by org.testng.reporters.JUnitReportReporter -->
<testsuite skipped="0" hostname="DESKTOP-1EKQBD8" name="pk11PojoClasses.Pr1GoogleBooksAPI" tests="1" failures="0" timestamp="16 Jan 2020 17:38:54 GMT" time="4.248" errors="0">
  <testcase name="googleBookStore" time="4.248" classname="pk11PojoClasses.Pr1GoogleBooksAPI"/>
</testsuite> <!-- pk11PojoClasses.Pr1GoogleBooksAPI -->
