<?xml version="1.0" encoding="UTF-8"?>
<!-- Generated by org.testng.reporters.JUnitReportReporter -->
<testsuite skipped="0" hostname="DESKTOP-1EKQBD8" name="pk8DynamicJsonPayload.Pr4AddNewStudent" tests="3" failures="0" timestamp="14 Jan 2020 18:17:15 GMT" time="4.104" errors="0">
  <testcase name="addNewStudent" time="0.056" classname="pk8DynamicJsonPayload.Pr4AddNewStudent"/>
  <testcase name="addNewStudent" time="3.955" classname="pk8DynamicJsonPayload.Pr4AddNewStudent"/>
  <testcase name="addNewStudent" time="0.093" classname="pk8DynamicJsonPayload.Pr4AddNewStudent"/>
</testsuite> <!-- pk8DynamicJsonPayload.Pr4AddNewStudent -->
