<?xml version="1.0" encoding="UTF-8"?>
<!-- Generated by org.testng.reporters.JUnitReportReporter -->
<testsuite skipped="0" hostname="DESKTOP-1EKQBD8" name="pk2StudentsApp.Pr4UpdateStudentUsingPut" tests="1" failures="0" timestamp="11 Jan 2020 16:17:39 GMT" time="4.463" errors="0">
  <testcase name="UpdateStudentUsingPut" time="4.463" classname="pk2StudentsApp.Pr4UpdateStudentUsingPut"/>
</testsuite> <!-- pk2StudentsApp.Pr4UpdateStudentUsingPut -->
