<?xml version="1.0" encoding="UTF-8"?>
<!-- Generated by org.testng.reporters.JUnitReportReporter -->
<testsuite skipped="0" hostname="DESKTOP-1EKQBD8" name="pk3GooglePlaceApi.Pr1GooglePlaceAPI" tests="1" failures="0" timestamp="12 Jan 2020 19:11:30 GMT" time="5.598" errors="0">
  <testcase name="googlePlaces" time="5.598" classname="pk3GooglePlaceApi.Pr1GooglePlaceAPI"/>
</testsuite> <!-- pk3GooglePlaceApi.Pr1GooglePlaceAPI -->
