<?xml version="1.0" encoding="UTF-8"?>
<!-- Generated by org.testng.reporters.JUnitReportReporter -->
<testsuite skipped="0" hostname="DESKTOP-1EKQBD8" name="pk13SpecBuilders.Pr1GoogleBooksAPI" tests="1" failures="0" timestamp="16 Jan 2020 20:03:45 GMT" time="5.484" errors="0">
  <testcase name="googleBookStore" time="5.484" classname="pk13SpecBuilders.Pr1GoogleBooksAPI"/>
</testsuite> <!-- pk13SpecBuilders.Pr1GoogleBooksAPI -->
