<?xml version="1.0" encoding="UTF-8"?>
<!-- Generated by org.testng.reporters.JUnitReportReporter -->
<testsuite skipped="0" hostname="DESKTOP-1EKQBD8" name="pk2StudentsApp.Pr1GetAllStudents" tests="1" failures="0" timestamp="14 Jan 2020 20:07:44 GMT" time="5.184" errors="0">
  <testcase name="getAllStudents" time="5.184" classname="pk2StudentsApp.Pr1GetAllStudents"/>
</testsuite> <!-- pk2StudentsApp.Pr1GetAllStudents -->
