<?xml version="1.0" encoding="UTF-8"?>
<!-- Generated by org.testng.reporters.JUnitReportReporter -->
<testsuite skipped="0" hostname="DESKTOP-1EKQBD8" name="pk3GooglePlaceApi.Pr1GooglePlaceAPIRAW" tests="1" failures="0" timestamp="13 Jan 2020 20:51:58 GMT" time="4.786" errors="0">
  <testcase name="googlePlaces" time="4.786" classname="pk3GooglePlaceApi.Pr1GooglePlaceAPIRAW"/>
</testsuite> <!-- pk3GooglePlaceApi.Pr1GooglePlaceAPIRAW -->
