<?xml version="1.0" encoding="UTF-8"?>
<!-- Generated by org.testng.reporters.JUnitReportReporter -->
<testsuite skipped="0" hostname="DESKTOP-1EKQBD8" name="pk1FirstPackage.Pr1GoogleBooksAPI" tests="1" failures="0" timestamp="08 Jan 2020 17:51:31 GMT" time="4.464" errors="0">
  <testcase name="googleBookStore" time="4.464" classname="pk1FirstPackage.Pr1GoogleBooksAPI"/>
</testsuite> <!-- pk1FirstPackage.Pr1GoogleBooksAPI -->
