<?xml version="1.0" encoding="UTF-8"?>
<!-- Generated by org.testng.reporters.JUnitReportReporter -->
<testsuite skipped="0" hostname="DESKTOP-1EKQBD8" name="pk9StaticJsonPayload.Pr4AddNewStudentUsingStaticJsonPayload" tests="1" failures="0" timestamp="14 Jan 2020 18:42:45 GMT" time="4.472" errors="0">
  <testcase name="addNewStudent" time="4.472" classname="pk9StaticJsonPayload.Pr4AddNewStudentUsingStaticJsonPayload"/>
</testsuite> <!-- pk9StaticJsonPayload.Pr4AddNewStudentUsingStaticJsonPayload -->
