<?xml version="1.0" encoding="UTF-8"?>
<!-- Generated by org.testng.reporters.JUnitReportReporter -->
<testsuite skipped="0" hostname="DESKTOP-1EKQBD8" name="pk2StudentsApp.Pr4AddNewStudent" tests="1" failures="0" timestamp="08 Jan 2020 20:22:34 GMT" time="3.193" errors="0">
  <testcase name="addNewStudent" time="3.193" classname="pk2StudentsApp.Pr4AddNewStudent"/>
</testsuite> <!-- pk2StudentsApp.Pr4AddNewStudent -->
