<?xml version="1.0" encoding="UTF-8"?>
<!-- Generated by org.testng.reporters.JUnitReportReporter -->
<testsuite skipped="0" hostname="DESKTOP-1EKQBD8" name="pk5GooglePlaceApi.copy.Pr1GooglePlaceAPIJSON" tests="1" failures="0" timestamp="13 Jan 2020 21:16:40 GMT" time="4.930" errors="0">
  <testcase name="googlePlaces" time="4.930" classname="pk5GooglePlaceApi.copy.Pr1GooglePlaceAPIJSON"/>
</testsuite> <!-- pk5GooglePlaceApi.copy.Pr1GooglePlaceAPIJSON -->
